<?xml version="1.0" encoding="UTF-8"?>
<!-- Generated by org.testng.reporters.JUnitReportReporter -->
<testsuite hostname="Dell-Inspiron15" failures="0" tests="4" name="loginDD.Login_JXLlibrary" time="9.946" errors="0" timestamp="2022-12-09T12:38:43 IST" skipped="0">
  <testcase classname="loginDD.Login_JXLlibrary" name="login" time="2.112"/>
  <system-out/>
  <testcase classname="loginDD.Login_JXLlibrary" name="login" time="2.811"/>
  <system-out/>
  <testcase classname="loginDD.Login_JXLlibrary" name="login" time="2.614"/>
  <system-out/>
  <testcase classname="loginDD.Login_JXLlibrary" name="login" time="2.409"/>
  <system-out/>
</testsuite> <!-- loginDD.Login_JXLlibrary -->
