<?xml version="1.0" encoding="UTF-8"?>
<!-- Generated by org.testng.reporters.JUnitReportReporter -->
<testsuite hostname="Dell-Inspiron15" failures="0" tests="1" name="pom_Cases.LoginCase" time="4.737" errors="0" timestamp="2022-12-12T22:59:25 IST" skipped="0">
  <testcase classname="pom_Cases.LoginCase" name="Login" time="4.737"/>
  <system-out/>
</testsuite> <!-- pom_Cases.LoginCase -->
