<?xml version="1.0" encoding="UTF-8"?>
<!-- Generated by org.testng.reporters.JUnitReportReporter -->
<testsuite hostname="Dell-Inspiron15" failures="0" tests="4" name="loginDD.Login_JXLlibrary" time="10.011" errors="0" timestamp="2022-12-12T12:25:49 IST" skipped="0">
  <testcase classname="loginDD.Login_JXLlibrary" name="login" time="2.361"/>
  <system-out/>
  <testcase classname="loginDD.Login_JXLlibrary" name="login" time="3.106"/>
  <system-out/>
  <testcase classname="loginDD.Login_JXLlibrary" name="login" time="1.548"/>
  <system-out/>
  <testcase classname="loginDD.Login_JXLlibrary" name="login" time="2.996"/>
  <system-out/>
</testsuite> <!-- loginDD.Login_JXLlibrary -->
