<?xml version="1.0" encoding="UTF-8"?>
<!-- Generated by org.testng.reporters.JUnitReportReporter -->
<testsuite hostname="Dell-Inspiron15" failures="0" tests="1" name="loginDD.MultipleLoginCases" time="12.860" errors="0" timestamp="2022-12-01T15:32:40 IST" skipped="0">
  <testcase classname="loginDD.MultipleLoginCases" name="login" time="12.860"/>
  <system-out/>
</testsuite> <!-- loginDD.MultipleLoginCases -->
