<?xml version="1.0" encoding="UTF-8"?>
<!-- Generated by org.testng.reporters.JUnitReportReporter -->
<testsuite hostname="Dell-Inspiron15" failures="0" tests="1" name="loginDD.MultipleLoginCases_IncorrectName" time="11.249" errors="0" timestamp="2022-12-01T15:32:40 IST" skipped="0">
  <testcase classname="loginDD.MultipleLoginCases_IncorrectName" name="login" time="11.249"/>
  <system-out/>
</testsuite> <!-- loginDD.MultipleLoginCases_IncorrectName -->
