<?xml version="1.0" encoding="UTF-8"?>
<!-- Generated by org.testng.reporters.JUnitReportReporter -->
<testsuite hostname="Dell-Inspiron15" failures="0" tests="4" name="loginDD.Login_JXLlibrary" time="13.125" errors="0" timestamp="2022-12-02T11:17:54 IST" skipped="0">
  <testcase classname="loginDD.Login_JXLlibrary" name="login" time="3.120"/>
  <system-out/>
  <testcase classname="loginDD.Login_JXLlibrary" name="login" time="2.750"/>
  <system-out/>
  <testcase classname="loginDD.Login_JXLlibrary" name="login" time="3.671"/>
  <system-out/>
  <testcase classname="loginDD.Login_JXLlibrary" name="login" time="3.584"/>
  <system-out/>
</testsuite> <!-- loginDD.Login_JXLlibrary -->
