<?xml version="1.0" encoding="UTF-8"?>
<!-- Generated by org.testng.reporters.JUnitReportReporter -->
<testsuite hostname="Dell-Inspiron15" failures="0" tests="1" name="pom_Cases.LoginCase_Pagefactory" time="3.815" errors="0" timestamp="2022-12-13T09:29:34 IST" skipped="0">
  <testcase classname="pom_Cases.LoginCase_Pagefactory" name="Login" time="3.815"/>
  <system-out/>
</testsuite> <!-- pom_Cases.LoginCase_Pagefactory -->
