<?xml version="1.0" encoding="UTF-8"?>
<!-- Generated by org.testng.reporters.JUnitReportReporter -->
<testsuite hostname="Dell-Inspiron15" failures="0" tests="5" name="testNg.FirstSampleClass" time="0.015" errors="0" timestamp="2022-06-03T00:01:52 IST" skipped="0">
  <testcase classname="testNg.FirstSampleClass" name="putFirstGear" time="0.012"/>
  <system-out/>
  <testcase classname="testNg.FirstSampleClass" name="startCar" time="0.000"/>
  <system-out/>
  <testcase classname="testNg.FirstSampleClass" name="putThirdGear" time="0.001"/>
  <system-out/>
  <testcase classname="testNg.FirstSampleClass" name="putFourthGear" time="0.001"/>
  <system-out/>
  <testcase classname="testNg.FirstSampleClass" name="putSecondGear" time="0.001"/>
  <system-out/>
</testsuite> <!-- testNg.FirstSampleClass -->
