<?xml version="1.0" encoding="UTF-8"?>
<!-- Generated by org.testng.reporters.JUnitReportReporter -->
<testsuite hostname="Dell-Inspiron15" failures="0" tests="5" name="testNg.DriverCarClassWithPriority" time="0.016" errors="0" timestamp="2022-06-03T00:36:58 IST" skipped="0">
  <testcase classname="testNg.DriverCarClassWithPriority" name="startCar" time="0.010"/>
  <system-out/>
  <testcase classname="testNg.DriverCarClassWithPriority" name="putFirstGear" time="0.002"/>
  <system-out/>
  <testcase classname="testNg.DriverCarClassWithPriority" name="putSecondGear" time="0.001"/>
  <system-out/>
  <testcase classname="testNg.DriverCarClassWithPriority" name="putThirdGear" time="0.002"/>
  <system-out/>
  <testcase classname="testNg.DriverCarClassWithPriority" name="putFourthGear" time="0.001"/>
  <system-out/>
</testsuite> <!-- testNg.DriverCarClassWithPriority -->
