<?xml version="1.0" encoding="UTF-8"?>
<!-- Generated by org.testng.reporters.JUnitReportReporter -->
<testsuite hostname="Dell-Inspiron15" failures="0" tests="3" name="testNg.DependenciesManageClass" time="0.018" errors="0" timestamp="2022-06-03T10:12:39 IST" skipped="0">
  <testcase classname="testNg.DependenciesManageClass" name="college" time="0.001"/>
  <system-out/>
  <testcase classname="testNg.DependenciesManageClass" name="highSchool" time="0.015"/>
  <system-out/>
  <testcase classname="testNg.DependenciesManageClass" name="higherSeconday" time="0.002"/>
  <system-out/>
</testsuite> <!-- testNg.DependenciesManageClass -->
